


ARM Macro Assembler    Page 1 


    1 00000000         ;****************** main.s ***************
    2 00000000         ; Program written by: Heather Minke
    3 00000000         ; Date Created: 2/14/2018 
    4 00000000         ; Last Modified: 2/26/2018 
    5 00000000         ; Brief description of the program: Solution to Lab1
    6 00000000         ; The objective of this system is to implement a Car doo
                       r signal system
    7 00000000         ; Hardware connections: Inputs are negative logic; outpu
                       t is positive logic
    8 00000000         ;  PF0 is right-door input sensor (1 means door is open,
                        0 means door is closed)
    9 00000000         ;  PF4 is left-door input sensor (1 means door is open, 
                       0 means door is closed)
   10 00000000         ;  PF2 is Safe (Blue) LED signal - ON when both doors ar
                       e closed, otherwise OFF
   11 00000000         ;  PF1 is Unsafe (Red) LED signal - ON when either (or b
                       oth) doors are open, otherwise OFF
   12 00000000         ; The specific operation of this system 
   13 00000000         ;   Turn Unsafe LED signal ON if any or both doors are o
                       pen, otherwise turn the Safe LED signal ON
   14 00000000         ;   Only one of the two LEDs must be ON at any time.
   15 00000000         ; NOTE: Do not use any conditional branches in your solu
                       tion. 
   16 00000000         ;       We want you to think of the solution in terms of
                        logical and shift operations
   17 00000000         
   18 00000000 400253FC 
                       GPIO_PORTF_DATA_R
                               EQU              0x400253FC
   19 00000000 40025400 
                       GPIO_PORTF_DIR_R
                               EQU              0x40025400
   20 00000000 40025420 
                       GPIO_PORTF_AFSEL_R
                               EQU              0x40025420
   21 00000000 40025510 
                       GPIO_PORTF_PUR_R
                               EQU              0x40025510
   22 00000000 4002551C 
                       GPIO_PORTF_DEN_R
                               EQU              0x4002551C
   23 00000000 40025520 
                       GPIO_PORTF_LOCK_R
                               EQU              0x40025520
   24 00000000 40025524 
                       GPIO_PORTF_CR_R
                               EQU              0x40025524
   25 00000000 40025528 
                       GPIO_PORTF_AMSEL_R
                               EQU              0x40025528
   26 00000000 4002552C 
                       GPIO_PORTF_PCTL_R
                               EQU              0x4002552C
   27 00000000 4C4F434B 
                       GPIO_LOCK_KEY
                               EQU              0x4C4F434B  ; Unlocks the GPIO_
                                                            CR register
   28 00000000 400FE608 
                       SYSCTL_RCGCGPIO_R



ARM Macro Assembler    Page 2 


                               EQU              0x400FE608
   29 00000000                 THUMB
   30 00000000                 AREA             DATA, ALIGN=2
   31 00000000         ;global variables go here
   32 00000000                 ALIGN
   33 00000000                 AREA             |.text|, CODE, READONLY, ALIGN=
2
   34 00000000                 EXPORT           Start
   35 00000000         Start
   36 00000000         ; here we init the port F
   37 00000000 491B            LDR              R1, =SYSCTL_RCGCGPIO_R ; 1) act
                                                            ivate clock for Por
                                                            t F
   38 00000002 6808            LDR              R0, [R1]
   39 00000004 F040 0020       ORR              R0, R0, #0x20 ; set bit 5 to tu
                                                            rn on clock
   40 00000008 6008            STR              R0, [R1]
   41 0000000A BF00            NOP
   42 0000000C BF00            NOP                          ; allow time for cl
                                                            ock to finish
   43 0000000E 4919            LDR              R1, =GPIO_PORTF_LOCK_R ; 2) unl
                                                            ock the lock regist
                                                            er
   44 00000010 4819            LDR              R0, =0x4C4F434B ; unlock GPIO P
                                                            ort F Commit Regist
                                                            er
   45 00000012 6008            STR              R0, [R1]
   46 00000014 4919            LDR              R1, =GPIO_PORTF_CR_R ; enable c
                                                            ommit for Port F
   47 00000016 F04F 00FF       MOV              R0, #0xFF   ; 1 means allow acc
                                                            ess
   48 0000001A 6008            STR              R0, [R1]
   49 0000001C 4918            LDR              R1, =GPIO_PORTF_AMSEL_R ; 3) di
                                                            sable analog functi
                                                            onality
   50 0000001E F04F 0000       MOV              R0, #0      ; 0 means analog is
                                                             off
   51 00000022 6008            STR              R0, [R1]
   52 00000024 4917            LDR              R1, =GPIO_PORTF_PCTL_R ; 4) con
                                                            figure as GPIO
   53 00000026 F04F 0000       MOV              R0, #0x00000000 ; 0 means confi
                                                            gure Port F as GPIO
                                                            
   54 0000002A 6008            STR              R0, [R1]
   55 0000002C 4916            LDR              R1, =GPIO_PORTF_DIR_R ; 5) set 
                                                            direction register
   56 0000002E F04F 000E       MOV              R0,#0x0E    ; PF0 and PF7-4 inp
                                                            ut, PF3-1 output
   57 00000032 6008            STR              R0, [R1]
   58 00000034 4915            LDR              R1, =GPIO_PORTF_AFSEL_R ; 6) re
                                                            gular port function
                                                            
   59 00000036 F04F 0000       MOV              R0, #0      ; 0 means disable a
                                                            lternate function
   60 0000003A 6008            STR              R0, [R1]
   61 0000003C 4914            LDR              R1, =GPIO_PORTF_PUR_R ; pull-up
                                                             resistors for PF4,
                                                            PF0
   62 0000003E F04F 0011       MOV              R0, #0x11   ; enable weak pull-



ARM Macro Assembler    Page 3 


                                                            up on PF0 and PF4
   63 00000042 6008            STR              R0, [R1]
   64 00000044 4913            LDR              R1, =GPIO_PORTF_DEN_R ; 7) enab
                                                            le Port F digital p
                                                            ort
   65 00000046 F04F 00FF       MOV              R0, #0xFF   ; 1 means enable di
                                                            gital I/O
   66 0000004A 6008            STR              R0, [R1]
   67 0000004C         
   68 0000004C         loop
   69 0000004C         ;read inputs from Port F
   70 0000004C 4912            LDR              R1, =GPIO_PORTF_DATA_R ;pointer
                                                             to Port F data
   71 0000004E 6808            LDR              R0, [R1]    ;read all of Port F
                                                            
   72 00000050 F000 0011       AND              R0, R0, #0x11 ;just the input p
                                                            ins, bits 4, 0
   73 00000054         
   74 00000054         ;determine if doors are open or closed
   75 00000054 2811            CMP              R0, #0x11
   76 00000056 D006            BEQ              RED
   77 00000058 2810            CMP              R0, #0x10
   78 0000005A D004            BEQ              RED
   79 0000005C 2801            CMP              R0, #0x01
   80 0000005E D002            BEQ              RED
   81 00000060 F04F 0202       MOV              R2, #2
   82 00000064 E002            B                BLUE
   83 00000066         RED
   84 00000066 F04F 0204       MOV              R2, #4
   85 0000006A E000            B                DONE
   86 0000006C         BLUE
   87 0000006C 600A            STR              R2, [R1]    ;write to PF3-1
   88 0000006E         DONE
   89 0000006E E7ED            B                loop
   90 00000070         
   91 00000070                 ALIGN                        ; make sure the end
                                                             of this section is
                                                             aligned
   92 00000070                 END                          ; end of file
              400FE608 
              40025520 
              4C4F434B 
              40025524 
              40025528 
              4002552C 
              40025400 
              40025420 
              40025510 
              4002551C 
              400253FC 
Command Line: --debug --xref --cpu=Cortex-M4 --apcs=interwork --depend=.\main.d
 -o.\main.o -IC:\Keil\ARM\RV31\INC -IC:\Keil\ARM\CMSIS\Include -IC:\Keil\ARM\In
c\Luminary --predefine="__EVAL SETA 1" --list=.\main.lst main.s



ARM Macro Assembler    Page 1 Alphabetic symbol ordering
Relocatable symbols

DATA 00000000

Symbol: DATA
   Definitions
      At line 30 in file main.s
   Uses
      None
Comment: DATA unused
1 symbol



ARM Macro Assembler    Page 1 Alphabetic symbol ordering
Relocatable symbols

.text 00000000

Symbol: .text
   Definitions
      At line 33 in file main.s
   Uses
      None
Comment: .text unused
BLUE 0000006C

Symbol: BLUE
   Definitions
      At line 86 in file main.s
   Uses
      At line 82 in file main.s
Comment: BLUE used once
DONE 0000006E

Symbol: DONE
   Definitions
      At line 88 in file main.s
   Uses
      At line 85 in file main.s
Comment: DONE used once
RED 00000066

Symbol: RED
   Definitions
      At line 83 in file main.s
   Uses
      At line 76 in file main.s
      At line 78 in file main.s
      At line 80 in file main.s

Start 00000000

Symbol: Start
   Definitions
      At line 35 in file main.s
   Uses
      At line 34 in file main.s
Comment: Start used once
loop 0000004C

Symbol: loop
   Definitions
      At line 68 in file main.s
   Uses
      At line 89 in file main.s
Comment: loop used once
6 symbols



ARM Macro Assembler    Page 1 Alphabetic symbol ordering
Absolute symbols

GPIO_LOCK_KEY 4C4F434B

Symbol: GPIO_LOCK_KEY
   Definitions
      At line 27 in file main.s
   Uses
      None
Comment: GPIO_LOCK_KEY unused
GPIO_PORTF_AFSEL_R 40025420

Symbol: GPIO_PORTF_AFSEL_R
   Definitions
      At line 20 in file main.s
   Uses
      At line 58 in file main.s
Comment: GPIO_PORTF_AFSEL_R used once
GPIO_PORTF_AMSEL_R 40025528

Symbol: GPIO_PORTF_AMSEL_R
   Definitions
      At line 25 in file main.s
   Uses
      At line 49 in file main.s
Comment: GPIO_PORTF_AMSEL_R used once
GPIO_PORTF_CR_R 40025524

Symbol: GPIO_PORTF_CR_R
   Definitions
      At line 24 in file main.s
   Uses
      At line 46 in file main.s
Comment: GPIO_PORTF_CR_R used once
GPIO_PORTF_DATA_R 400253FC

Symbol: GPIO_PORTF_DATA_R
   Definitions
      At line 18 in file main.s
   Uses
      At line 70 in file main.s
Comment: GPIO_PORTF_DATA_R used once
GPIO_PORTF_DEN_R 4002551C

Symbol: GPIO_PORTF_DEN_R
   Definitions
      At line 22 in file main.s
   Uses
      At line 64 in file main.s
Comment: GPIO_PORTF_DEN_R used once
GPIO_PORTF_DIR_R 40025400

Symbol: GPIO_PORTF_DIR_R
   Definitions
      At line 19 in file main.s
   Uses
      At line 55 in file main.s
Comment: GPIO_PORTF_DIR_R used once
GPIO_PORTF_LOCK_R 40025520

Symbol: GPIO_PORTF_LOCK_R



ARM Macro Assembler    Page 2 Alphabetic symbol ordering
Absolute symbols

   Definitions
      At line 23 in file main.s
   Uses
      At line 43 in file main.s
Comment: GPIO_PORTF_LOCK_R used once
GPIO_PORTF_PCTL_R 4002552C

Symbol: GPIO_PORTF_PCTL_R
   Definitions
      At line 26 in file main.s
   Uses
      At line 52 in file main.s
Comment: GPIO_PORTF_PCTL_R used once
GPIO_PORTF_PUR_R 40025510

Symbol: GPIO_PORTF_PUR_R
   Definitions
      At line 21 in file main.s
   Uses
      At line 61 in file main.s
Comment: GPIO_PORTF_PUR_R used once
SYSCTL_RCGCGPIO_R 400FE608

Symbol: SYSCTL_RCGCGPIO_R
   Definitions
      At line 28 in file main.s
   Uses
      At line 37 in file main.s
Comment: SYSCTL_RCGCGPIO_R used once
11 symbols
351 symbols in table
